<?xml version="1.0" encoding="UTF-8"?>
<testsuite xmlns:xsi="http://www.w3.org/2001/XMLSchema-instance" xsi:noNamespaceSchemaLocation="https://maven.apache.org/surefire/maven-surefire-plugin/xsd/surefire-test-report.xsd" version="3.0.2" name="com.nit.SpringGitProject.AppTest" time="0.067" tests="2" errors="0" skipped="0" failures="0">
  <properties>
[...]
</properties>
  <testcase name="test2" classname="com.nit.SpringGitProject.AppTest" time="0.008"/>
  <testcase name="test1" classname="com.nit.SpringGitProject.AppTest" time="0.0"/>
</testsuite>